<?xml version="1.0" encoding="UTF-8"?>
<testng-results skipped="0" failed="0" ignored="0" total="1" passed="1">
  <reporter-output>
  </reporter-output>
  <suite name="Default suite" duration-ms="28183" started-at="2020-10-13T11:04:19Z" finished-at="2020-10-13T11:04:47Z">
    <groups>
    </groups>
    <test name="Default test" duration-ms="28183" started-at="2020-10-13T11:04:19Z" finished-at="2020-10-13T11:04:47Z">
      <class name="sample.DynamicWebtable2">
        <test-method status="PASS" signature="dynamicWebtable()[pri:0, instance:sample.DynamicWebtable2@589b3632]" name="dynamicWebtable" duration-ms="28127" started-at="2020-10-13T11:04:19Z" finished-at="2020-10-13T11:04:47Z">
          <reporter-output>
          </reporter-output>
        </test-method> <!-- dynamicWebtable -->
      </class> <!-- sample.DynamicWebtable2 -->
    </test> <!-- Default test -->
  </suite> <!-- Default suite -->
</testng-results>
